19-02-2020 11:19 44 : Service started...
19-02-2020 11:19 44 : Service runs after every (1) Minutes...
19-02-2020 11:19 45 : Database Opened Successfully.
19-02-2020 11:19 45 : Start Sync
19-02-2020 11:19 45 : End Sync
19-02-2020 11:20 38 : Service started...
19-02-2020 11:20 38 : Service runs after every (1) Minutes...
19-02-2020 11:20 38 : Database Opened Successfully.
19-02-2020 11:20 38 : Start Sync
19-02-2020 11:20 38 : End Sync
19-02-2020 11:32 33 : Service started...
19-02-2020 11:32 33 : Service runs after every (1) Minutes...
19-02-2020 11:32 33 : Database Opened Successfully.
19-02-2020 11:32 33 : Start Sync
19-02-2020 11:32 34 : End Sync
19-02-2020 11:47 58 : Service started...
19-02-2020 11:47 58 : Service runs after every (1) Minutes...
19-02-2020 11:47 58 : Database Opened Successfully.
19-02-2020 11:47 58 : Start Sync
19-02-2020 11:47 59 : End Sync
19-02-2020 11:48 58 : Database Opened Successfully.
19-02-2020 11:48 58 : Start Sync
19-02-2020 11:48 58 : End Sync
19-02-2020 11:49 58 : Database Opened Successfully.
19-02-2020 11:49 58 : Start Sync
19-02-2020 11:49 58 : End Sync
19-02-2020 11:50 58 : Database Opened Successfully.
19-02-2020 11:50 58 : Start Sync
19-02-2020 11:50 58 : End Sync
19-02-2020 11:51 58 : Database Opened Successfully.
19-02-2020 11:51 58 : Start Sync
19-02-2020 11:51 58 : End Sync
19-02-2020 11:52 58 : Database Opened Successfully.
19-02-2020 11:52 58 : Start Sync
19-02-2020 11:52 58 : End Sync
19-02-2020 11:53 58 : Database Opened Successfully.
19-02-2020 11:53 58 : Start Sync
19-02-2020 11:53 58 : End Sync
19-02-2020 11:54 58 : Database Opened Successfully.
19-02-2020 11:54 58 : Start Sync
19-02-2020 11:54 58 : End Sync
19-02-2020 11:55 58 : Database Opened Successfully.
19-02-2020 11:55 58 : Start Sync
19-02-2020 11:55 58 : End Sync
19-02-2020 11:56 58 : Database Opened Successfully.
19-02-2020 11:56 58 : Start Sync
19-02-2020 11:56 58 : End Sync
19-02-2020 11:57 58 : Database Opened Successfully.
19-02-2020 11:57 58 : Start Sync
19-02-2020 11:57 58 : End Sync
19-02-2020 11:58 58 : Database Opened Successfully.
19-02-2020 11:58 58 : Start Sync
19-02-2020 11:58 58 : End Sync
19-02-2020 11:59 58 : Database Opened Successfully.
19-02-2020 11:59 58 : Start Sync
19-02-2020 11:59 58 : End Sync
19-02-2020 12:00 58 : Database Opened Successfully.
19-02-2020 12:00 58 : Start Sync
19-02-2020 12:00 58 : End Sync
19-02-2020 12:01 58 : Database Opened Successfully.
19-02-2020 12:01 58 : Start Sync
19-02-2020 12:01 58 : End Sync
19-02-2020 12:02 58 : Database Opened Successfully.
19-02-2020 12:02 58 : Start Sync
19-02-2020 12:02 58 : End Sync
19-02-2020 12:03 58 : Database Opened Successfully.
19-02-2020 12:03 58 : Start Sync
19-02-2020 12:03 58 : End Sync
19-02-2020 12:04 58 : Database Opened Successfully.
19-02-2020 12:04 58 : Start Sync
19-02-2020 12:04 58 : End Sync
19-02-2020 12:05 58 : Database Opened Successfully.
19-02-2020 12:05 58 : Start Sync
19-02-2020 12:05 58 : End Sync
19-02-2020 12:06 58 : Database Opened Successfully.
19-02-2020 12:06 58 : Start Sync
19-02-2020 12:06 58 : End Sync
19-02-2020 12:07 58 : Database Opened Successfully.
19-02-2020 12:07 58 : Start Sync
19-02-2020 12:07 58 : End Sync
19-02-2020 12:08 58 : Database Opened Successfully.
19-02-2020 12:08 58 : Start Sync
19-02-2020 12:08 58 : End Sync
19-02-2020 12:09 58 : Database Opened Successfully.
19-02-2020 12:09 58 : Start Sync
19-02-2020 12:09 58 : End Sync
19-02-2020 12:10 58 : Database Opened Successfully.
19-02-2020 12:10 58 : Start Sync
19-02-2020 12:10 58 : End Sync
19-02-2020 12:11 58 : Database Opened Successfully.
19-02-2020 12:11 58 : Start Sync
19-02-2020 12:11 58 : End Sync
19-02-2020 12:12 58 : Database Opened Successfully.
19-02-2020 12:12 58 : Start Sync
19-02-2020 12:12 58 : End Sync
19-02-2020 12:13 58 : Database Opened Successfully.
19-02-2020 12:13 58 : Start Sync
19-02-2020 12:13 58 : End Sync
19-02-2020 12:17 55 : Service started...
19-02-2020 12:17 55 : Service runs after every (1) Minutes...
19-02-2020 12:17 55 : Database Opened Successfully.
19-02-2020 12:17 55 : Start Sync
19-02-2020 12:17 55 : End Sync
19-02-2020 12:18 55 : Database Opened Successfully.
19-02-2020 12:18 55 : Start Sync
19-02-2020 12:18 55 : End Sync
19-02-2020 12:19 55 : Database Opened Successfully.
19-02-2020 12:19 55 : Start Sync
19-02-2020 12:19 55 : End Sync
19-02-2020 12:20 55 : Database Opened Successfully.
19-02-2020 12:20 55 : Start Sync
19-02-2020 12:20 55 : End Sync
19-02-2020 12:21 55 : Database Opened Successfully.
19-02-2020 12:21 55 : Start Sync
19-02-2020 12:21 55 : End Sync
19-02-2020 12:22 55 : Database Opened Successfully.
19-02-2020 12:22 55 : Start Sync
19-02-2020 12:22 55 : End Sync
19-02-2020 12:23 55 : Database Opened Successfully.
19-02-2020 12:23 55 : Start Sync
19-02-2020 12:23 55 : End Sync
19-02-2020 12:24 55 : Database Opened Successfully.
19-02-2020 12:24 55 : Start Sync
19-02-2020 12:24 55 : End Sync
19-02-2020 12:25 55 : Database Opened Successfully.
19-02-2020 12:25 55 : Start Sync
19-02-2020 12:25 55 : End Sync
19-02-2020 12:26 55 : Database Opened Successfully.
19-02-2020 12:26 55 : Start Sync
19-02-2020 12:26 55 : End Sync
19-02-2020 12:27 55 : Database Opened Successfully.
19-02-2020 12:27 55 : Start Sync
19-02-2020 12:27 55 : End Sync
19-02-2020 12:28 55 : Database Opened Successfully.
19-02-2020 12:28 55 : Start Sync
19-02-2020 12:28 55 : End Sync
19-02-2020 12:29 55 : Database Opened Successfully.
19-02-2020 12:29 55 : Start Sync
19-02-2020 12:29 55 : End Sync
19-02-2020 12:30 55 : Database Opened Successfully.
19-02-2020 12:30 55 : Start Sync
19-02-2020 12:30 55 : End Sync
19-02-2020 12:31 55 : Database Opened Successfully.
19-02-2020 12:31 55 : Start Sync
19-02-2020 12:31 55 : End Sync
19-02-2020 12:32 55 : Database Opened Successfully.
19-02-2020 12:32 55 : Start Sync
19-02-2020 12:32 55 : End Sync
19-02-2020 12:33 55 : Database Opened Successfully.
19-02-2020 12:33 55 : Start Sync
19-02-2020 12:33 55 : End Sync
19-02-2020 12:34 55 : Database Opened Successfully.
19-02-2020 12:34 55 : Start Sync
19-02-2020 12:34 55 : End Sync
19-02-2020 12:35 55 : Database Opened Successfully.
19-02-2020 12:35 55 : Start Sync
19-02-2020 12:35 55 : End Sync
19-02-2020 12:36 55 : Database Opened Successfully.
19-02-2020 12:36 55 : Start Sync
19-02-2020 12:36 55 : End Sync
19-02-2020 12:37 55 : Database Opened Successfully.
19-02-2020 12:37 55 : Start Sync
19-02-2020 12:37 55 : End Sync
19-02-2020 12:38 55 : Database Opened Successfully.
19-02-2020 12:38 55 : Start Sync
19-02-2020 12:38 55 : End Sync
19-02-2020 12:39 55 : Database Opened Successfully.
19-02-2020 12:39 55 : Start Sync
19-02-2020 12:39 55 : End Sync
19-02-2020 12:40 55 : Database Opened Successfully.
19-02-2020 12:40 55 : Start Sync
19-02-2020 12:40 55 : End Sync
19-02-2020 12:41 55 : Database Opened Successfully.
19-02-2020 12:41 55 : Start Sync
19-02-2020 12:41 55 : End Sync
19-02-2020 12:42 55 : Database Opened Successfully.
19-02-2020 12:42 55 : Start Sync
19-02-2020 12:42 55 : End Sync
19-02-2020 12:43 55 : Database Opened Successfully.
19-02-2020 12:43 55 : Start Sync
19-02-2020 12:43 55 : End Sync
19-02-2020 01:00 44 : Service started...
19-02-2020 01:00 44 : Service runs after every (1) Minutes...
19-02-2020 01:00 45 : Database Opened Successfully.
19-02-2020 01:00 45 : Start Sync
19-02-2020 01:00 45 : End Sync
19-02-2020 01:01 44 : Database Opened Successfully.
19-02-2020 01:01 44 : Start Sync
19-02-2020 01:01 44 : End Sync
19-02-2020 01:02 44 : Database Opened Successfully.
19-02-2020 01:02 44 : Start Sync
19-02-2020 01:02 44 : End Sync
19-02-2020 01:03 44 : Database Opened Successfully.
19-02-2020 01:03 44 : Start Sync
19-02-2020 01:03 44 : End Sync
19-02-2020 01:04 44 : Database Opened Successfully.
19-02-2020 01:04 44 : Start Sync
19-02-2020 01:04 44 : End Sync
19-02-2020 01:05 44 : Database Opened Successfully.
19-02-2020 01:05 44 : Start Sync
19-02-2020 01:05 44 : End Sync
19-02-2020 01:06 44 : Database Opened Successfully.
19-02-2020 01:06 44 : Start Sync
19-02-2020 01:06 44 : End Sync
19-02-2020 01:07 44 : Database Opened Successfully.
19-02-2020 01:07 44 : Start Sync
19-02-2020 01:07 44 : End Sync
19-02-2020 01:08 44 : Database Opened Successfully.
19-02-2020 01:08 44 : Start Sync
19-02-2020 01:08 44 : End Sync
19-02-2020 01:09 44 : Database Opened Successfully.
19-02-2020 01:09 44 : Start Sync
19-02-2020 01:09 44 : End Sync
19-02-2020 01:10 44 : Database Opened Successfully.
19-02-2020 01:10 44 : Start Sync
19-02-2020 01:10 44 : End Sync
19-02-2020 01:12 47 : Service started...
19-02-2020 01:12 47 : Service runs after every (1) Minutes...
19-02-2020 01:12 47 : Database Opened Successfully.
19-02-2020 01:12 47 : Start Sync
19-02-2020 01:12 47 : End Sync
19-02-2020 01:13 47 : Database Opened Successfully.
19-02-2020 01:13 47 : Start Sync
19-02-2020 01:13 47 : End Sync
19-02-2020 01:14 47 : Database Opened Successfully.
19-02-2020 01:14 47 : Start Sync
19-02-2020 01:14 47 : End Sync
19-02-2020 01:15 47 : Database Opened Successfully.
19-02-2020 01:15 47 : Start Sync
19-02-2020 01:15 47 : End Sync
19-02-2020 01:16 47 : Database Opened Successfully.
19-02-2020 01:16 47 : Start Sync
19-02-2020 01:16 47 : End Sync
19-02-2020 01:17 47 : Database Opened Successfully.
19-02-2020 01:17 47 : Start Sync
19-02-2020 01:17 47 : End Sync
19-02-2020 01:18 47 : Database Opened Successfully.
19-02-2020 01:18 47 : Start Sync
19-02-2020 01:18 47 : End Sync
19-02-2020 01:19 47 : Database Opened Successfully.
19-02-2020 01:19 47 : Start Sync
19-02-2020 01:19 47 : End Sync
19-02-2020 01:20 47 : Database Opened Successfully.
19-02-2020 01:20 47 : Start Sync
19-02-2020 01:20 47 : End Sync
19-02-2020 01:21 47 : Database Opened Successfully.
19-02-2020 01:21 47 : Start Sync
19-02-2020 01:21 47 : End Sync
19-02-2020 01:22 47 : Database Opened Successfully.
19-02-2020 01:22 47 : Start Sync
19-02-2020 01:22 47 : End Sync
19-02-2020 01:23 47 : Database Opened Successfully.
19-02-2020 01:23 47 : Start Sync
19-02-2020 01:23 47 : End Sync
19-02-2020 01:24 47 : Database Opened Successfully.
19-02-2020 01:24 47 : Start Sync
19-02-2020 01:24 47 : End Sync
19-02-2020 01:25 47 : Database Opened Successfully.
19-02-2020 01:25 47 : Start Sync
19-02-2020 01:25 47 : End Sync
19-02-2020 01:26 47 : Database Opened Successfully.
19-02-2020 01:26 47 : Start Sync
19-02-2020 01:26 47 : End Sync
19-02-2020 01:27 47 : Database Opened Successfully.
19-02-2020 01:27 47 : Start Sync
19-02-2020 01:27 47 : End Sync
19-02-2020 01:28 47 : Database Opened Successfully.
19-02-2020 01:28 47 : Start Sync
19-02-2020 01:28 47 : End Sync
19-02-2020 01:29 47 : Database Opened Successfully.
19-02-2020 01:29 47 : Start Sync
19-02-2020 01:29 47 : End Sync
19-02-2020 01:30 47 : Database Opened Successfully.
19-02-2020 01:30 47 : Start Sync
19-02-2020 01:30 47 : End Sync
19-02-2020 01:31 47 : Database Opened Successfully.
19-02-2020 01:31 47 : Start Sync
19-02-2020 01:31 47 : End Sync
19-02-2020 01:32 47 : Database Opened Successfully.
19-02-2020 01:32 47 : Start Sync
19-02-2020 01:32 47 : End Sync
19-02-2020 01:33 47 : Database Opened Successfully.
19-02-2020 01:33 47 : Start Sync
19-02-2020 01:33 47 : End Sync
19-02-2020 01:34 47 : Database Opened Successfully.
19-02-2020 01:34 47 : Start Sync
19-02-2020 01:34 47 : End Sync
19-02-2020 01:35 47 : Database Opened Successfully.
19-02-2020 01:35 47 : Start Sync
19-02-2020 01:35 47 : End Sync
19-02-2020 01:36 47 : Database Opened Successfully.
19-02-2020 01:36 47 : Start Sync
19-02-2020 01:36 47 : End Sync
19-02-2020 01:37 47 : Database Opened Successfully.
19-02-2020 01:37 47 : Start Sync
19-02-2020 01:37 47 : End Sync
19-02-2020 01:38 47 : Database Opened Successfully.
19-02-2020 01:38 47 : Start Sync
19-02-2020 01:38 47 : End Sync
19-02-2020 01:39 47 : Database Opened Successfully.
19-02-2020 01:39 47 : Start Sync
19-02-2020 01:39 47 : End Sync
19-02-2020 01:40 47 : Database Opened Successfully.
19-02-2020 01:40 47 : Start Sync
19-02-2020 01:40 47 : End Sync
19-02-2020 01:41 47 : Database Opened Successfully.
19-02-2020 01:41 47 : Start Sync
19-02-2020 01:41 47 : End Sync
19-02-2020 01:42 47 : Database Opened Successfully.
19-02-2020 01:42 47 : Start Sync
19-02-2020 01:42 47 : End Sync
19-02-2020 01:43 47 : Database Opened Successfully.
19-02-2020 01:43 47 : Start Sync
19-02-2020 01:43 47 : End Sync
19-02-2020 01:44 47 : Database Opened Successfully.
19-02-2020 01:44 47 : Start Sync
19-02-2020 01:44 47 : End Sync
19-02-2020 01:45 47 : Database Opened Successfully.
19-02-2020 01:45 47 : Start Sync
19-02-2020 01:45 47 : End Sync
19-02-2020 01:46 47 : Database Opened Successfully.
19-02-2020 01:46 47 : Start Sync
19-02-2020 01:46 47 : End Sync
19-02-2020 01:47 47 : Database Opened Successfully.
19-02-2020 01:47 47 : Start Sync
19-02-2020 01:47 47 : End Sync
19-02-2020 01:48 47 : Database Opened Successfully.
19-02-2020 01:48 47 : Start Sync
19-02-2020 01:48 47 : End Sync
19-02-2020 01:49 47 : Database Opened Successfully.
19-02-2020 01:49 47 : Start Sync
19-02-2020 01:49 47 : End Sync
19-02-2020 01:50 47 : Database Opened Successfully.
19-02-2020 01:50 47 : Start Sync
19-02-2020 01:50 47 : End Sync
19-02-2020 01:51 47 : Database Opened Successfully.
19-02-2020 01:51 47 : Start Sync
19-02-2020 01:51 47 : End Sync
19-02-2020 01:52 47 : Database Opened Successfully.
19-02-2020 01:52 47 : Start Sync
19-02-2020 01:52 47 : End Sync
19-02-2020 01:53 47 : Database Opened Successfully.
19-02-2020 01:53 47 : Start Sync
19-02-2020 01:53 47 : End Sync
19-02-2020 01:54 47 : Database Opened Successfully.
19-02-2020 01:54 47 : Start Sync
19-02-2020 01:54 47 : End Sync
19-02-2020 01:55 47 : Database Opened Successfully.
19-02-2020 01:55 47 : Start Sync
19-02-2020 01:55 47 : End Sync
19-02-2020 01:56 47 : Database Opened Successfully.
19-02-2020 01:56 47 : Start Sync
19-02-2020 01:56 47 : End Sync
19-02-2020 01:57 47 : Database Opened Successfully.
19-02-2020 01:57 47 : Start Sync
19-02-2020 01:57 48 : End Sync
19-02-2020 01:58 47 : Database Opened Successfully.
19-02-2020 01:58 47 : Start Sync
19-02-2020 01:58 47 : End Sync
19-02-2020 01:59 47 : Database Opened Successfully.
19-02-2020 01:59 47 : Start Sync
19-02-2020 01:59 47 : End Sync
19-02-2020 02:00 47 : Database Opened Successfully.
19-02-2020 02:00 47 : Start Sync
19-02-2020 02:00 47 : End Sync
19-02-2020 02:01 47 : Database Opened Successfully.
19-02-2020 02:01 47 : Start Sync
19-02-2020 02:01 47 : End Sync
19-02-2020 02:02 47 : Database Opened Successfully.
19-02-2020 02:02 47 : Start Sync
19-02-2020 02:02 47 : End Sync
19-02-2020 02:03 47 : Database Opened Successfully.
19-02-2020 02:03 47 : Start Sync
19-02-2020 02:03 47 : End Sync
19-02-2020 02:04 47 : Database Opened Successfully.
19-02-2020 02:04 47 : Start Sync
19-02-2020 02:04 47 : End Sync
19-02-2020 02:05 47 : Database Opened Successfully.
19-02-2020 02:05 47 : Start Sync
19-02-2020 02:05 47 : End Sync
19-02-2020 02:06 47 : Database Opened Successfully.
19-02-2020 02:06 47 : Start Sync
19-02-2020 02:06 47 : End Sync
19-02-2020 02:07 47 : Database Opened Successfully.
19-02-2020 02:07 47 : Start Sync
19-02-2020 02:07 47 : End Sync
19-02-2020 02:08 47 : Database Opened Successfully.
19-02-2020 02:08 47 : Start Sync
19-02-2020 02:08 47 : End Sync
19-02-2020 02:09 47 : Database Opened Successfully.
19-02-2020 02:09 47 : Start Sync
19-02-2020 02:09 47 : End Sync
19-02-2020 02:10 47 : Database Opened Successfully.
19-02-2020 02:10 47 : Start Sync
19-02-2020 02:10 47 : End Sync
19-02-2020 02:11 47 : Database Opened Successfully.
19-02-2020 02:11 47 : Start Sync
19-02-2020 02:11 47 : End Sync
19-02-2020 02:12 47 : Database Opened Successfully.
19-02-2020 02:12 47 : Start Sync
19-02-2020 02:12 47 : End Sync
19-02-2020 02:13 47 : Database Opened Successfully.
19-02-2020 02:13 47 : Start Sync
19-02-2020 02:13 47 : End Sync
19-02-2020 02:14 47 : Database Opened Successfully.
19-02-2020 02:14 47 : Start Sync
19-02-2020 02:14 47 : End Sync
19-02-2020 02:15 47 : Database Opened Successfully.
19-02-2020 02:15 47 : Start Sync
19-02-2020 02:15 47 : End Sync
19-02-2020 02:16 47 : Database Opened Successfully.
19-02-2020 02:16 47 : Start Sync
19-02-2020 02:16 47 : End Sync
19-02-2020 02:17 47 : Database Opened Successfully.
19-02-2020 02:17 47 : Start Sync
19-02-2020 02:17 47 : End Sync
19-02-2020 02:18 47 : Database Opened Successfully.
19-02-2020 02:18 47 : Start Sync
19-02-2020 02:18 47 : End Sync
19-02-2020 02:19 38 : Service Stopped!!!
