18-02-2020 12:02 04 : Service started...
18-02-2020 12:02 04 : Service runs after every (1) Minutes...
18-02-2020 12:02 04 : Database Opened Successfully.
18-02-2020 12:02 04 : Start Sync
18-02-2020 12:02 04 : End Sync
18-02-2020 12:03 04 : Database Opened Successfully.
18-02-2020 12:03 04 : Start Sync
18-02-2020 12:03 04 : End Sync
18-02-2020 12:04 04 : Database Opened Successfully.
18-02-2020 12:04 04 : Start Sync
18-02-2020 12:04 04 : End Sync
18-02-2020 12:05 04 : Database Opened Successfully.
18-02-2020 12:05 04 : Start Sync
18-02-2020 12:05 04 : End Sync
18-02-2020 12:06 04 : Database Opened Successfully.
18-02-2020 12:06 04 : Start Sync
18-02-2020 12:06 04 : End Sync
18-02-2020 12:07 04 : Database Opened Successfully.
18-02-2020 12:07 04 : Start Sync
18-02-2020 12:07 04 : End Sync
18-02-2020 12:08 04 : Database Opened Successfully.
18-02-2020 12:08 04 : Start Sync
18-02-2020 12:08 04 : End Sync
18-02-2020 12:09 04 : Database Opened Successfully.
18-02-2020 12:09 04 : Start Sync
18-02-2020 12:09 04 : End Sync
18-02-2020 12:10 04 : Database Opened Successfully.
18-02-2020 12:10 04 : Start Sync
18-02-2020 12:10 04 : End Sync
18-02-2020 12:11 04 : Database Opened Successfully.
18-02-2020 12:11 04 : Start Sync
18-02-2020 12:11 04 : End Sync
18-02-2020 12:12 04 : Database Opened Successfully.
18-02-2020 12:12 04 : Start Sync
18-02-2020 12:12 04 : End Sync
18-02-2020 12:13 04 : Database Opened Successfully.
18-02-2020 12:13 04 : Start Sync
18-02-2020 12:13 04 : End Sync
18-02-2020 12:14 04 : Database Opened Successfully.
18-02-2020 12:14 04 : Start Sync
18-02-2020 12:14 04 : End Sync
18-02-2020 12:15 04 : Database Opened Successfully.
18-02-2020 12:15 04 : Start Sync
18-02-2020 12:15 04 : End Sync
18-02-2020 12:16 04 : Database Opened Successfully.
18-02-2020 12:16 04 : Start Sync
18-02-2020 12:16 04 : End Sync
18-02-2020 12:17 04 : Database Opened Successfully.
18-02-2020 12:17 04 : Start Sync
18-02-2020 12:17 04 : End Sync
18-02-2020 12:18 04 : Database Opened Successfully.
18-02-2020 12:18 04 : Start Sync
18-02-2020 12:18 04 : End Sync
18-02-2020 12:19 04 : Database Opened Successfully.
18-02-2020 12:19 04 : Start Sync
18-02-2020 12:19 04 : End Sync
18-02-2020 12:20 04 : Database Opened Successfully.
18-02-2020 12:20 04 : Start Sync
18-02-2020 12:20 04 : End Sync
18-02-2020 12:21 04 : Database Opened Successfully.
18-02-2020 12:21 04 : Start Sync
18-02-2020 12:21 04 : End Sync
18-02-2020 12:22 04 : Database Opened Successfully.
18-02-2020 12:22 04 : Start Sync
18-02-2020 12:22 04 : End Sync
18-02-2020 12:23 04 : Database Opened Successfully.
18-02-2020 12:23 04 : Start Sync
18-02-2020 12:23 04 : End Sync
18-02-2020 12:24 04 : Database Opened Successfully.
18-02-2020 12:24 04 : Start Sync
18-02-2020 12:24 04 : End Sync
18-02-2020 12:25 04 : Database Opened Successfully.
18-02-2020 12:25 04 : Start Sync
18-02-2020 12:25 04 : End Sync
18-02-2020 12:26 04 : Database Opened Successfully.
18-02-2020 12:26 04 : Start Sync
18-02-2020 12:26 04 : End Sync
18-02-2020 12:27 04 : Database Opened Successfully.
18-02-2020 12:27 04 : Start Sync
18-02-2020 12:27 04 : End Sync
18-02-2020 12:28 04 : Database Opened Successfully.
18-02-2020 12:28 04 : Start Sync
18-02-2020 12:28 04 : End Sync
18-02-2020 12:29 04 : Database Opened Successfully.
18-02-2020 12:29 04 : Start Sync
18-02-2020 12:29 04 : End Sync
18-02-2020 12:30 04 : Database Opened Successfully.
18-02-2020 12:30 04 : Start Sync
18-02-2020 12:30 04 : End Sync
18-02-2020 12:31 04 : Database Opened Successfully.
18-02-2020 12:31 04 : Start Sync
18-02-2020 12:31 04 : End Sync
18-02-2020 12:32 04 : Database Opened Successfully.
18-02-2020 12:32 04 : Start Sync
18-02-2020 12:32 04 : End Sync
18-02-2020 12:33 04 : Database Opened Successfully.
18-02-2020 12:33 04 : Start Sync
18-02-2020 12:33 04 : End Sync
18-02-2020 12:34 04 : Database Opened Successfully.
18-02-2020 12:34 04 : Start Sync
18-02-2020 12:34 04 : End Sync
18-02-2020 12:35 04 : Database Opened Successfully.
18-02-2020 12:35 04 : Start Sync
18-02-2020 12:35 04 : End Sync
18-02-2020 12:36 04 : Database Opened Successfully.
18-02-2020 12:36 04 : Start Sync
18-02-2020 12:36 04 : End Sync
18-02-2020 12:37 04 : Database Opened Successfully.
18-02-2020 12:37 04 : Start Sync
18-02-2020 12:37 04 : End Sync
18-02-2020 12:38 04 : Database Opened Successfully.
18-02-2020 12:38 04 : Start Sync
18-02-2020 12:38 04 : End Sync
18-02-2020 12:39 04 : Database Opened Successfully.
18-02-2020 12:39 04 : Start Sync
18-02-2020 12:39 04 : End Sync
18-02-2020 12:40 04 : Database Opened Successfully.
18-02-2020 12:40 04 : Start Sync
18-02-2020 12:40 04 : End Sync
18-02-2020 12:41 04 : Database Opened Successfully.
18-02-2020 12:41 04 : Start Sync
18-02-2020 12:41 04 : End Sync
18-02-2020 12:42 04 : Database Opened Successfully.
18-02-2020 12:42 04 : Start Sync
18-02-2020 12:42 04 : End Sync
18-02-2020 12:43 04 : Database Opened Successfully.
18-02-2020 12:43 04 : Start Sync
18-02-2020 12:43 04 : End Sync
18-02-2020 12:44 04 : Database Opened Successfully.
18-02-2020 12:44 04 : Start Sync
18-02-2020 12:44 04 : End Sync
18-02-2020 12:45 04 : Database Opened Successfully.
18-02-2020 12:45 04 : Start Sync
18-02-2020 12:45 04 : End Sync
18-02-2020 12:46 04 : Database Opened Successfully.
18-02-2020 12:46 04 : Start Sync
18-02-2020 12:46 04 : End Sync
18-02-2020 12:47 04 : Database Opened Successfully.
18-02-2020 12:47 04 : Start Sync
18-02-2020 12:47 04 : End Sync
18-02-2020 12:48 04 : Database Opened Successfully.
18-02-2020 12:48 04 : Start Sync
18-02-2020 12:48 04 : End Sync
18-02-2020 12:49 06 : Database Opened Successfully.
18-02-2020 12:49 06 : Start Sync
18-02-2020 12:49 06 : End Sync
18-02-2020 12:50 06 : Database Opened Successfully.
18-02-2020 12:50 06 : Start Sync
18-02-2020 12:50 06 : End Sync
18-02-2020 12:51 06 : Database Opened Successfully.
18-02-2020 12:51 06 : Start Sync
18-02-2020 12:51 06 : End Sync
18-02-2020 12:52 06 : Database Opened Successfully.
18-02-2020 12:52 06 : Start Sync
18-02-2020 12:52 06 : End Sync
18-02-2020 12:53 06 : Database Opened Successfully.
18-02-2020 12:53 06 : Start Sync
18-02-2020 12:53 06 : End Sync
18-02-2020 12:54 06 : Database Opened Successfully.
18-02-2020 12:54 06 : Start Sync
18-02-2020 12:54 06 : End Sync
18-02-2020 12:55 06 : Database Opened Successfully.
18-02-2020 12:55 06 : Start Sync
18-02-2020 12:55 06 : End Sync
18-02-2020 12:56 06 : Database Opened Successfully.
18-02-2020 12:56 06 : Start Sync
18-02-2020 12:56 06 : End Sync
18-02-2020 12:57 06 : Database Opened Successfully.
18-02-2020 12:57 06 : Start Sync
18-02-2020 12:57 06 : End Sync
18-02-2020 12:58 06 : Database Opened Successfully.
18-02-2020 12:58 06 : Start Sync
18-02-2020 12:58 06 : End Sync
18-02-2020 12:59 06 : Database Opened Successfully.
18-02-2020 12:59 06 : Start Sync
18-02-2020 12:59 06 : End Sync
18-02-2020 01:00 06 : Database Opened Successfully.
18-02-2020 01:00 06 : Start Sync
18-02-2020 01:00 06 : End Sync
18-02-2020 01:01 06 : Database Opened Successfully.
18-02-2020 01:01 06 : Start Sync
18-02-2020 01:01 06 : End Sync
18-02-2020 01:02 06 : Database Opened Successfully.
18-02-2020 01:02 06 : Start Sync
18-02-2020 01:02 06 : End Sync
18-02-2020 01:03 06 : Database Opened Successfully.
18-02-2020 01:03 06 : Start Sync
18-02-2020 01:03 06 : End Sync
18-02-2020 01:04 06 : Database Opened Successfully.
18-02-2020 01:04 06 : Start Sync
18-02-2020 01:04 06 : End Sync
18-02-2020 01:05 06 : Database Opened Successfully.
18-02-2020 01:05 06 : Start Sync
18-02-2020 01:05 06 : End Sync
18-02-2020 01:06 06 : Database Opened Successfully.
18-02-2020 01:06 06 : Start Sync
18-02-2020 01:06 06 : End Sync
18-02-2020 01:07 06 : Database Opened Successfully.
18-02-2020 01:07 06 : Start Sync
18-02-2020 01:07 06 : End Sync
18-02-2020 01:08 06 : Database Opened Successfully.
18-02-2020 01:08 06 : Start Sync
18-02-2020 01:08 06 : End Sync
18-02-2020 01:09 06 : Database Opened Successfully.
18-02-2020 01:09 06 : Start Sync
18-02-2020 01:09 06 : End Sync
18-02-2020 01:10 06 : Database Opened Successfully.
18-02-2020 01:10 06 : Start Sync
18-02-2020 01:10 06 : End Sync
18-02-2020 01:11 06 : Database Opened Successfully.
18-02-2020 01:11 06 : Start Sync
18-02-2020 01:11 06 : End Sync
18-02-2020 01:12 06 : Database Opened Successfully.
18-02-2020 01:12 06 : Start Sync
18-02-2020 01:12 06 : End Sync
18-02-2020 01:13 06 : Database Opened Successfully.
18-02-2020 01:13 06 : Start Sync
18-02-2020 01:13 06 : End Sync
18-02-2020 01:14 06 : Database Opened Successfully.
18-02-2020 01:14 06 : Start Sync
18-02-2020 01:14 06 : End Sync
18-02-2020 01:15 06 : Database Opened Successfully.
18-02-2020 01:15 06 : Start Sync
18-02-2020 01:15 06 : End Sync
18-02-2020 01:16 06 : Database Opened Successfully.
18-02-2020 01:16 06 : Start Sync
18-02-2020 01:16 06 : End Sync
18-02-2020 01:17 06 : Database Opened Successfully.
18-02-2020 01:17 06 : Start Sync
18-02-2020 01:17 06 : End Sync
18-02-2020 01:18 06 : Database Opened Successfully.
18-02-2020 01:18 06 : Start Sync
18-02-2020 01:18 06 : End Sync
18-02-2020 01:19 06 : Database Opened Successfully.
18-02-2020 01:19 06 : Start Sync
18-02-2020 01:19 06 : End Sync
18-02-2020 01:20 06 : Database Opened Successfully.
18-02-2020 01:20 06 : Start Sync
18-02-2020 01:20 06 : End Sync
18-02-2020 01:21 06 : Database Opened Successfully.
18-02-2020 01:21 06 : Start Sync
18-02-2020 01:21 06 : End Sync
18-02-2020 01:22 06 : Database Opened Successfully.
18-02-2020 01:22 06 : Start Sync
18-02-2020 01:22 06 : End Sync
18-02-2020 01:23 06 : Database Opened Successfully.
18-02-2020 01:23 06 : Start Sync
18-02-2020 01:23 06 : End Sync
18-02-2020 01:24 06 : Database Opened Successfully.
18-02-2020 01:24 06 : Start Sync
18-02-2020 01:24 06 : End Sync
18-02-2020 01:25 06 : Database Opened Successfully.
18-02-2020 01:25 06 : Start Sync
18-02-2020 01:25 06 : End Sync
18-02-2020 01:26 06 : Database Opened Successfully.
18-02-2020 01:26 06 : Start Sync
18-02-2020 01:26 06 : End Sync
18-02-2020 01:27 06 : Database Opened Successfully.
18-02-2020 01:27 06 : Start Sync
18-02-2020 01:27 06 : End Sync
18-02-2020 01:28 06 : Database Opened Successfully.
18-02-2020 01:28 06 : Start Sync
18-02-2020 01:28 06 : End Sync
18-02-2020 01:29 06 : Database Opened Successfully.
18-02-2020 01:29 06 : Start Sync
18-02-2020 01:29 06 : End Sync
18-02-2020 01:30 06 : Database Opened Successfully.
18-02-2020 01:30 06 : Start Sync
18-02-2020 01:30 06 : End Sync
18-02-2020 01:31 06 : Database Opened Successfully.
18-02-2020 01:31 06 : Start Sync
18-02-2020 01:31 06 : End Sync
18-02-2020 01:32 06 : Database Opened Successfully.
18-02-2020 01:32 06 : Start Sync
18-02-2020 01:32 06 : End Sync
18-02-2020 01:33 06 : Database Opened Successfully.
18-02-2020 01:33 06 : Start Sync
18-02-2020 01:33 06 : End Sync
18-02-2020 01:34 06 : Database Opened Successfully.
18-02-2020 01:34 06 : Start Sync
18-02-2020 01:34 06 : End Sync
18-02-2020 01:35 06 : Database Opened Successfully.
18-02-2020 01:35 06 : Start Sync
18-02-2020 01:35 06 : End Sync
18-02-2020 01:36 06 : Database Opened Successfully.
18-02-2020 01:36 06 : Start Sync
18-02-2020 01:36 06 : End Sync
18-02-2020 01:37 06 : Database Opened Successfully.
18-02-2020 01:37 06 : Start Sync
18-02-2020 01:37 06 : End Sync
18-02-2020 01:38 06 : Database Opened Successfully.
18-02-2020 01:38 06 : Start Sync
18-02-2020 01:38 06 : End Sync
18-02-2020 01:39 06 : Database Opened Successfully.
18-02-2020 01:39 06 : Start Sync
18-02-2020 01:39 06 : End Sync
18-02-2020 01:40 06 : Database Opened Successfully.
18-02-2020 01:40 06 : Start Sync
18-02-2020 01:40 06 : End Sync
18-02-2020 01:41 06 : Database Opened Successfully.
18-02-2020 01:41 06 : Start Sync
18-02-2020 01:41 06 : End Sync
18-02-2020 01:42 06 : Database Opened Successfully.
18-02-2020 01:42 06 : Start Sync
18-02-2020 01:42 06 : End Sync
18-02-2020 01:43 06 : Database Opened Successfully.
18-02-2020 01:43 06 : Start Sync
18-02-2020 01:43 06 : End Sync
18-02-2020 01:44 06 : Database Opened Successfully.
18-02-2020 01:44 06 : Start Sync
18-02-2020 01:44 06 : End Sync
18-02-2020 01:45 06 : Database Opened Successfully.
18-02-2020 01:45 06 : Start Sync
18-02-2020 01:45 06 : End Sync
18-02-2020 01:46 06 : Database Opened Successfully.
18-02-2020 01:46 06 : Start Sync
18-02-2020 01:46 06 : End Sync
18-02-2020 01:47 06 : Database Opened Successfully.
18-02-2020 01:47 06 : Start Sync
18-02-2020 01:47 06 : End Sync
18-02-2020 01:48 06 : Database Opened Successfully.
18-02-2020 01:48 06 : Start Sync
18-02-2020 01:48 06 : End Sync
18-02-2020 01:49 06 : Database Opened Successfully.
18-02-2020 01:49 06 : Start Sync
18-02-2020 01:49 06 : End Sync
18-02-2020 01:50 06 : Database Opened Successfully.
18-02-2020 01:50 06 : Start Sync
18-02-2020 01:50 06 : End Sync
18-02-2020 01:51 06 : Database Opened Successfully.
18-02-2020 01:51 06 : Start Sync
18-02-2020 01:51 06 : End Sync
18-02-2020 01:52 06 : Database Opened Successfully.
18-02-2020 01:52 06 : Start Sync
18-02-2020 01:52 06 : End Sync
18-02-2020 01:53 06 : Database Opened Successfully.
18-02-2020 01:53 06 : Start Sync
18-02-2020 01:53 06 : End Sync
18-02-2020 01:54 06 : Database Opened Successfully.
18-02-2020 01:54 06 : Start Sync
18-02-2020 01:54 06 : End Sync
18-02-2020 01:55 06 : Database Opened Successfully.
18-02-2020 01:55 06 : Start Sync
18-02-2020 01:55 06 : End Sync
18-02-2020 01:56 06 : Database Opened Successfully.
18-02-2020 01:56 06 : Start Sync
18-02-2020 01:56 06 : End Sync
18-02-2020 01:57 06 : Database Opened Successfully.
18-02-2020 01:57 06 : Start Sync
18-02-2020 01:57 06 : End Sync
18-02-2020 01:58 06 : Database Opened Successfully.
18-02-2020 01:58 06 : Start Sync
18-02-2020 01:58 06 : End Sync
18-02-2020 01:59 06 : Database Opened Successfully.
18-02-2020 01:59 06 : Start Sync
18-02-2020 01:59 06 : End Sync
18-02-2020 02:00 06 : Database Opened Successfully.
18-02-2020 02:00 06 : Start Sync
18-02-2020 02:00 06 : End Sync
18-02-2020 02:01 06 : Database Opened Successfully.
18-02-2020 02:01 06 : Start Sync
18-02-2020 02:01 06 : End Sync
18-02-2020 02:02 06 : Database Opened Successfully.
18-02-2020 02:02 06 : Start Sync
18-02-2020 02:02 06 : End Sync
18-02-2020 02:03 06 : Database Opened Successfully.
18-02-2020 02:03 06 : Start Sync
18-02-2020 02:03 06 : End Sync
18-02-2020 02:04 06 : Database Opened Successfully.
18-02-2020 02:04 06 : Start Sync
18-02-2020 02:04 06 : End Sync
18-02-2020 02:05 06 : Database Opened Successfully.
18-02-2020 02:05 06 : Start Sync
18-02-2020 02:05 06 : End Sync
18-02-2020 02:06 06 : Database Opened Successfully.
18-02-2020 02:06 06 : Start Sync
18-02-2020 02:06 06 : End Sync
18-02-2020 02:07 06 : Database Opened Successfully.
18-02-2020 02:07 06 : Start Sync
18-02-2020 02:07 06 : End Sync
18-02-2020 02:08 06 : Database Opened Successfully.
18-02-2020 02:08 06 : Start Sync
18-02-2020 02:08 06 : End Sync
18-02-2020 02:09 06 : Database Opened Successfully.
18-02-2020 02:09 06 : Start Sync
18-02-2020 02:09 06 : End Sync
18-02-2020 02:10 06 : Database Opened Successfully.
18-02-2020 02:10 06 : Start Sync
18-02-2020 02:10 06 : End Sync
18-02-2020 02:11 06 : Database Opened Successfully.
18-02-2020 02:11 06 : Start Sync
18-02-2020 02:11 06 : End Sync
18-02-2020 02:12 06 : Database Opened Successfully.
18-02-2020 02:12 06 : Start Sync
18-02-2020 02:12 06 : End Sync
18-02-2020 02:13 06 : Database Opened Successfully.
18-02-2020 02:13 06 : Start Sync
18-02-2020 02:13 06 : End Sync
18-02-2020 02:14 06 : Database Opened Successfully.
18-02-2020 02:14 06 : Start Sync
18-02-2020 02:14 06 : End Sync
18-02-2020 02:15 06 : Database Opened Successfully.
18-02-2020 02:15 06 : Start Sync
18-02-2020 02:15 06 : End Sync
18-02-2020 02:16 06 : Database Opened Successfully.
18-02-2020 02:16 06 : Start Sync
18-02-2020 02:16 06 : End Sync
18-02-2020 02:17 06 : Database Opened Successfully.
18-02-2020 02:17 06 : Start Sync
18-02-2020 02:17 06 : End Sync
18-02-2020 02:18 06 : Database Opened Successfully.
18-02-2020 02:18 06 : Start Sync
18-02-2020 02:18 06 : End Sync
18-02-2020 02:19 06 : Database Opened Successfully.
18-02-2020 02:19 06 : Start Sync
18-02-2020 02:19 06 : End Sync
18-02-2020 02:20 06 : Database Opened Successfully.
18-02-2020 02:20 06 : Start Sync
18-02-2020 02:20 06 : End Sync
18-02-2020 02:21 06 : Database Opened Successfully.
18-02-2020 02:21 06 : Start Sync
18-02-2020 02:21 06 : End Sync
18-02-2020 02:22 06 : Database Opened Successfully.
18-02-2020 02:22 06 : Start Sync
18-02-2020 02:22 06 : End Sync
18-02-2020 02:23 06 : Database Opened Successfully.
18-02-2020 02:23 06 : Start Sync
18-02-2020 02:23 06 : End Sync
18-02-2020 02:24 06 : Database Opened Successfully.
18-02-2020 02:24 06 : Start Sync
18-02-2020 02:24 06 : End Sync
18-02-2020 02:25 06 : Database Opened Successfully.
18-02-2020 02:25 06 : Start Sync
18-02-2020 02:25 06 : End Sync
18-02-2020 02:26 06 : Database Opened Successfully.
18-02-2020 02:26 06 : Start Sync
18-02-2020 02:26 06 : End Sync
18-02-2020 02:27 06 : Database Opened Successfully.
18-02-2020 02:27 06 : Start Sync
18-02-2020 02:27 06 : End Sync
18-02-2020 02:28 06 : Database Opened Successfully.
18-02-2020 02:28 06 : Start Sync
18-02-2020 02:28 06 : End Sync
18-02-2020 02:29 06 : Database Opened Successfully.
18-02-2020 02:29 06 : Start Sync
18-02-2020 02:29 06 : End Sync
18-02-2020 02:30 06 : Database Opened Successfully.
18-02-2020 02:30 06 : Start Sync
18-02-2020 02:30 07 : End Sync
18-02-2020 02:31 06 : Database Opened Successfully.
18-02-2020 02:31 06 : Start Sync
18-02-2020 02:31 07 : End Sync
18-02-2020 02:32 06 : Database Opened Successfully.
18-02-2020 02:32 06 : Start Sync
18-02-2020 02:32 07 : End Sync
18-02-2020 02:33 06 : Database Opened Successfully.
18-02-2020 02:33 06 : Start Sync
18-02-2020 02:33 07 : End Sync
18-02-2020 02:34 06 : Database Opened Successfully.
18-02-2020 02:34 07 : Start Sync
18-02-2020 02:34 07 : End Sync
18-02-2020 02:35 07 : Database Opened Successfully.
18-02-2020 02:35 07 : Start Sync
18-02-2020 02:35 07 : End Sync
18-02-2020 02:36 07 : Database Opened Successfully.
18-02-2020 02:36 07 : Start Sync
18-02-2020 02:36 07 : End Sync
18-02-2020 02:37 07 : Database Opened Successfully.
18-02-2020 02:37 07 : Start Sync
18-02-2020 02:37 07 : End Sync
18-02-2020 02:38 07 : Database Opened Successfully.
18-02-2020 02:38 07 : Start Sync
18-02-2020 02:38 07 : End Sync
18-02-2020 02:39 07 : Database Opened Successfully.
18-02-2020 02:39 07 : Start Sync
18-02-2020 02:39 07 : End Sync
18-02-2020 02:40 07 : Database Opened Successfully.
18-02-2020 02:40 07 : Start Sync
18-02-2020 02:40 07 : End Sync
18-02-2020 02:41 07 : Database Opened Successfully.
18-02-2020 02:41 07 : Start Sync
18-02-2020 02:41 07 : End Sync
18-02-2020 02:42 07 : Database Opened Successfully.
18-02-2020 02:42 07 : Start Sync
18-02-2020 02:42 07 : End Sync
18-02-2020 02:43 07 : Database Opened Successfully.
18-02-2020 02:43 07 : Start Sync
18-02-2020 02:43 07 : End Sync
18-02-2020 02:44 07 : Database Opened Successfully.
18-02-2020 02:44 07 : Start Sync
18-02-2020 02:44 07 : End Sync
18-02-2020 02:45 07 : Database Opened Successfully.
18-02-2020 02:45 07 : Start Sync
18-02-2020 02:45 07 : End Sync
18-02-2020 02:46 07 : Database Opened Successfully.
18-02-2020 02:46 07 : Start Sync
18-02-2020 02:46 07 : End Sync
18-02-2020 02:47 07 : Database Opened Successfully.
18-02-2020 02:47 07 : Start Sync
18-02-2020 02:47 07 : End Sync
18-02-2020 02:48 07 : Database Opened Successfully.
18-02-2020 02:48 07 : Start Sync
18-02-2020 02:48 07 : End Sync
18-02-2020 02:49 07 : Database Opened Successfully.
18-02-2020 02:49 07 : Start Sync
18-02-2020 02:49 07 : End Sync
18-02-2020 02:50 07 : Database Opened Successfully.
18-02-2020 02:50 07 : Start Sync
18-02-2020 02:50 07 : End Sync
18-02-2020 02:51 07 : Database Opened Successfully.
18-02-2020 02:51 07 : Start Sync
18-02-2020 02:51 07 : End Sync
18-02-2020 02:52 07 : Database Opened Successfully.
18-02-2020 02:52 07 : Start Sync
18-02-2020 02:52 07 : End Sync
18-02-2020 02:53 07 : Database Opened Successfully.
18-02-2020 02:53 07 : Start Sync
18-02-2020 02:53 07 : End Sync
18-02-2020 02:54 07 : Database Opened Successfully.
18-02-2020 02:54 07 : Start Sync
18-02-2020 02:54 07 : End Sync
18-02-2020 02:55 07 : Database Opened Successfully.
18-02-2020 02:55 07 : Start Sync
18-02-2020 02:55 07 : End Sync
18-02-2020 02:56 07 : Database Opened Successfully.
18-02-2020 02:56 07 : Start Sync
18-02-2020 02:56 07 : End Sync
18-02-2020 02:57 07 : Database Opened Successfully.
18-02-2020 02:57 07 : Start Sync
18-02-2020 02:57 07 : End Sync
18-02-2020 02:58 07 : Database Opened Successfully.
18-02-2020 02:58 07 : Start Sync
18-02-2020 02:58 07 : End Sync
18-02-2020 02:59 07 : Database Opened Successfully.
18-02-2020 02:59 07 : Start Sync
18-02-2020 02:59 07 : End Sync
18-02-2020 03:00 07 : Database Opened Successfully.
18-02-2020 03:00 07 : Start Sync
18-02-2020 03:00 07 : End Sync
18-02-2020 03:01 07 : Database Opened Successfully.
18-02-2020 03:01 07 : Start Sync
18-02-2020 03:01 07 : End Sync
18-02-2020 03:02 07 : Database Opened Successfully.
18-02-2020 03:02 07 : Start Sync
18-02-2020 03:02 07 : End Sync
18-02-2020 03:03 07 : Database Opened Successfully.
18-02-2020 03:03 07 : Start Sync
18-02-2020 03:03 07 : End Sync
18-02-2020 03:04 07 : Database Opened Successfully.
18-02-2020 03:04 07 : Start Sync
18-02-2020 03:04 07 : End Sync
18-02-2020 03:05 07 : Database Opened Successfully.
18-02-2020 03:05 07 : Start Sync
18-02-2020 03:05 07 : End Sync
18-02-2020 03:06 07 : Database Opened Successfully.
18-02-2020 03:06 07 : Start Sync
18-02-2020 03:06 07 : End Sync
18-02-2020 03:07 07 : Database Opened Successfully.
18-02-2020 03:07 07 : Start Sync
18-02-2020 03:07 07 : End Sync
18-02-2020 03:08 07 : Database Opened Successfully.
18-02-2020 03:08 07 : Start Sync
18-02-2020 03:08 07 : End Sync
18-02-2020 03:09 07 : Database Opened Successfully.
18-02-2020 03:09 07 : Start Sync
18-02-2020 03:09 07 : End Sync
18-02-2020 03:10 07 : Database Opened Successfully.
18-02-2020 03:10 07 : Start Sync
18-02-2020 03:10 07 : End Sync
18-02-2020 03:11 07 : Database Opened Successfully.
18-02-2020 03:11 07 : Start Sync
18-02-2020 03:11 07 : End Sync
18-02-2020 03:12 07 : Database Opened Successfully.
18-02-2020 03:12 07 : Start Sync
18-02-2020 03:12 07 : End Sync
18-02-2020 03:13 07 : Database Opened Successfully.
18-02-2020 03:13 07 : Start Sync
18-02-2020 03:13 07 : End Sync
18-02-2020 03:14 07 : Database Opened Successfully.
18-02-2020 03:14 07 : Start Sync
18-02-2020 03:14 07 : End Sync
18-02-2020 03:15 07 : Database Opened Successfully.
18-02-2020 03:15 07 : Start Sync
18-02-2020 03:15 07 : End Sync
18-02-2020 03:16 07 : Database Opened Successfully.
18-02-2020 03:16 07 : Start Sync
18-02-2020 03:16 07 : End Sync
18-02-2020 03:17 07 : Database Opened Successfully.
18-02-2020 03:17 07 : Start Sync
18-02-2020 03:17 07 : End Sync
18-02-2020 03:18 07 : Database Opened Successfully.
18-02-2020 03:18 07 : Start Sync
18-02-2020 03:18 07 : End Sync
18-02-2020 03:19 07 : Database Opened Successfully.
18-02-2020 03:19 07 : Start Sync
18-02-2020 03:19 07 : End Sync
18-02-2020 03:20 07 : Database Opened Successfully.
18-02-2020 03:20 07 : Start Sync
18-02-2020 03:20 07 : End Sync
18-02-2020 03:21 07 : Database Opened Successfully.
18-02-2020 03:21 07 : Start Sync
18-02-2020 03:21 07 : End Sync
18-02-2020 03:22 07 : Database Opened Successfully.
18-02-2020 03:22 07 : Start Sync
18-02-2020 03:22 07 : End Sync
18-02-2020 03:23 07 : Database Opened Successfully.
18-02-2020 03:23 07 : Start Sync
18-02-2020 03:23 07 : End Sync
18-02-2020 03:24 07 : Database Opened Successfully.
18-02-2020 03:24 07 : Start Sync
18-02-2020 03:24 07 : End Sync
18-02-2020 03:25 07 : Database Opened Successfully.
18-02-2020 03:25 07 : Start Sync
18-02-2020 03:25 07 : End Sync
18-02-2020 03:26 07 : Database Opened Successfully.
18-02-2020 03:26 07 : Start Sync
18-02-2020 03:26 07 : End Sync
18-02-2020 03:27 07 : Database Opened Successfully.
18-02-2020 03:27 07 : Start Sync
18-02-2020 03:27 07 : End Sync
18-02-2020 03:28 07 : Database Opened Successfully.
18-02-2020 03:28 07 : Start Sync
18-02-2020 03:28 07 : End Sync
18-02-2020 03:29 07 : Database Opened Successfully.
18-02-2020 03:29 07 : Start Sync
18-02-2020 03:29 07 : End Sync
18-02-2020 03:30 07 : Database Opened Successfully.
18-02-2020 03:30 07 : Start Sync
18-02-2020 03:30 07 : End Sync
18-02-2020 03:31 07 : Database Opened Successfully.
18-02-2020 03:31 07 : Start Sync
18-02-2020 03:31 07 : End Sync
18-02-2020 03:32 07 : Database Opened Successfully.
18-02-2020 03:32 07 : Start Sync
18-02-2020 03:32 07 : End Sync
18-02-2020 03:33 07 : Database Opened Successfully.
18-02-2020 03:33 07 : Start Sync
18-02-2020 03:33 07 : End Sync
18-02-2020 03:34 07 : Database Opened Successfully.
18-02-2020 03:34 07 : Start Sync
18-02-2020 03:34 07 : End Sync
18-02-2020 03:35 07 : Database Opened Successfully.
18-02-2020 03:35 07 : Start Sync
18-02-2020 03:35 07 : End Sync
18-02-2020 03:36 07 : Database Opened Successfully.
18-02-2020 03:36 07 : Start Sync
18-02-2020 03:36 07 : End Sync
18-02-2020 03:37 07 : Database Opened Successfully.
18-02-2020 03:37 07 : Start Sync
18-02-2020 03:37 07 : End Sync
18-02-2020 03:38 07 : Database Opened Successfully.
18-02-2020 03:38 07 : Start Sync
18-02-2020 03:38 07 : End Sync
18-02-2020 03:39 07 : Database Opened Successfully.
18-02-2020 03:39 07 : Start Sync
18-02-2020 03:39 07 : End Sync
18-02-2020 03:40 07 : Database Opened Successfully.
18-02-2020 03:40 07 : Start Sync
18-02-2020 03:40 07 : End Sync
18-02-2020 03:41 07 : Database Opened Successfully.
18-02-2020 03:41 07 : Start Sync
18-02-2020 03:41 07 : End Sync
18-02-2020 03:42 07 : Database Opened Successfully.
18-02-2020 03:42 07 : Start Sync
18-02-2020 03:42 07 : End Sync
18-02-2020 03:43 07 : Database Opened Successfully.
18-02-2020 03:43 07 : Start Sync
18-02-2020 03:43 07 : End Sync
18-02-2020 03:44 07 : Database Opened Successfully.
18-02-2020 03:44 07 : Start Sync
18-02-2020 03:44 07 : End Sync
18-02-2020 03:45 07 : Database Opened Successfully.
18-02-2020 03:45 07 : Start Sync
18-02-2020 03:45 07 : End Sync
18-02-2020 03:46 07 : Database Opened Successfully.
18-02-2020 03:46 07 : Start Sync
18-02-2020 03:46 07 : End Sync
18-02-2020 03:47 07 : Database Opened Successfully.
18-02-2020 03:47 07 : Start Sync
18-02-2020 03:47 07 : End Sync
18-02-2020 03:48 07 : Database Opened Successfully.
18-02-2020 03:48 07 : Start Sync
18-02-2020 03:48 07 : End Sync
18-02-2020 03:49 07 : Database Opened Successfully.
18-02-2020 03:49 07 : Start Sync
18-02-2020 03:49 07 : End Sync
18-02-2020 03:50 07 : Database Opened Successfully.
18-02-2020 03:50 07 : Start Sync
18-02-2020 03:50 07 : End Sync
18-02-2020 03:51 07 : Database Opened Successfully.
18-02-2020 03:51 07 : Start Sync
18-02-2020 03:51 07 : End Sync
18-02-2020 03:52 07 : Database Opened Successfully.
18-02-2020 03:52 07 : Start Sync
18-02-2020 03:52 07 : End Sync
18-02-2020 03:53 07 : Database Opened Successfully.
18-02-2020 03:53 07 : Start Sync
18-02-2020 03:53 07 : End Sync
18-02-2020 03:54 07 : Database Opened Successfully.
18-02-2020 03:54 07 : Start Sync
18-02-2020 03:54 07 : End Sync
18-02-2020 03:55 07 : Database Opened Successfully.
18-02-2020 03:55 07 : Start Sync
18-02-2020 03:55 07 : End Sync
18-02-2020 03:56 07 : Database Opened Successfully.
18-02-2020 03:56 07 : Start Sync
18-02-2020 03:56 07 : End Sync
18-02-2020 03:57 07 : Database Opened Successfully.
18-02-2020 03:57 07 : Start Sync
18-02-2020 03:57 07 : End Sync
18-02-2020 03:58 07 : Database Opened Successfully.
18-02-2020 03:58 07 : Start Sync
18-02-2020 03:58 07 : End Sync
18-02-2020 03:59 07 : Database Opened Successfully.
18-02-2020 03:59 07 : Start Sync
18-02-2020 03:59 07 : End Sync
18-02-2020 04:00 07 : Database Opened Successfully.
18-02-2020 04:00 07 : Start Sync
18-02-2020 04:00 07 : End Sync
18-02-2020 04:01 07 : Database Opened Successfully.
18-02-2020 04:01 07 : Start Sync
18-02-2020 04:01 07 : End Sync
18-02-2020 04:02 07 : Database Opened Successfully.
18-02-2020 04:02 07 : Start Sync
18-02-2020 04:02 07 : End Sync
18-02-2020 04:03 07 : Database Opened Successfully.
18-02-2020 04:03 07 : Start Sync
18-02-2020 04:03 07 : End Sync
18-02-2020 04:04 07 : Database Opened Successfully.
18-02-2020 04:04 07 : Start Sync
18-02-2020 04:04 07 : End Sync
18-02-2020 04:05 07 : Database Opened Successfully.
18-02-2020 04:05 07 : Start Sync
18-02-2020 04:05 07 : End Sync
18-02-2020 04:06 07 : Database Opened Successfully.
18-02-2020 04:06 07 : Start Sync
18-02-2020 04:06 07 : End Sync
18-02-2020 04:07 07 : Database Opened Successfully.
18-02-2020 04:07 07 : Start Sync
18-02-2020 04:07 07 : End Sync
18-02-2020 04:08 07 : Database Opened Successfully.
18-02-2020 04:08 07 : Start Sync
18-02-2020 04:08 07 : End Sync
18-02-2020 04:09 07 : Database Opened Successfully.
18-02-2020 04:09 07 : Start Sync
18-02-2020 04:09 07 : End Sync
18-02-2020 04:10 07 : Database Opened Successfully.
18-02-2020 04:10 07 : Start Sync
18-02-2020 04:10 07 : End Sync
18-02-2020 04:11 07 : Database Opened Successfully.
18-02-2020 04:11 07 : Start Sync
18-02-2020 04:11 08 : End Sync
18-02-2020 04:12 07 : Database Opened Successfully.
18-02-2020 04:12 07 : Start Sync
18-02-2020 04:12 07 : End Sync
18-02-2020 04:13 07 : Database Opened Successfully.
18-02-2020 04:13 07 : Start Sync
18-02-2020 04:13 07 : End Sync
18-02-2020 04:14 07 : Database Opened Successfully.
18-02-2020 04:14 07 : Start Sync
18-02-2020 04:14 07 : End Sync
18-02-2020 04:15 07 : Database Opened Successfully.
18-02-2020 04:15 07 : Start Sync
18-02-2020 04:15 07 : End Sync
18-02-2020 04:16 07 : Database Opened Successfully.
18-02-2020 04:16 07 : Start Sync
18-02-2020 04:16 07 : End Sync
18-02-2020 04:17 07 : Database Opened Successfully.
18-02-2020 04:17 07 : Start Sync
18-02-2020 04:17 07 : End Sync
18-02-2020 04:18 07 : Database Opened Successfully.
18-02-2020 04:18 07 : Start Sync
18-02-2020 04:18 07 : End Sync
18-02-2020 04:19 08 : Database Opened Successfully.
18-02-2020 04:19 08 : Start Sync
18-02-2020 04:19 08 : End Sync
18-02-2020 04:20 07 : Database Opened Successfully.
18-02-2020 04:20 07 : Start Sync
18-02-2020 04:20 07 : End Sync
18-02-2020 04:21 07 : Database Opened Successfully.
18-02-2020 04:21 08 : Start Sync
18-02-2020 04:21 08 : End Sync
18-02-2020 04:22 07 : Database Opened Successfully.
18-02-2020 04:22 08 : Start Sync
18-02-2020 04:22 08 : End Sync
18-02-2020 04:23 07 : Database Opened Successfully.
18-02-2020 04:23 08 : Start Sync
18-02-2020 04:23 08 : End Sync
18-02-2020 04:24 08 : Database Opened Successfully.
18-02-2020 04:24 08 : Start Sync
18-02-2020 04:24 08 : End Sync
18-02-2020 04:25 08 : Database Opened Successfully.
18-02-2020 04:25 08 : Start Sync
18-02-2020 04:25 08 : End Sync
18-02-2020 04:26 08 : Database Opened Successfully.
18-02-2020 04:26 08 : Start Sync
18-02-2020 04:26 08 : End Sync
18-02-2020 04:27 08 : Database Opened Successfully.
18-02-2020 04:27 08 : Start Sync
18-02-2020 04:27 08 : End Sync
18-02-2020 04:28 08 : Database Opened Successfully.
18-02-2020 04:28 08 : Start Sync
18-02-2020 04:28 08 : End Sync
18-02-2020 04:29 08 : Database Opened Successfully.
18-02-2020 04:29 08 : Start Sync
18-02-2020 04:29 08 : End Sync
18-02-2020 04:30 08 : Database Opened Successfully.
18-02-2020 04:30 08 : Start Sync
18-02-2020 04:30 08 : End Sync
18-02-2020 04:31 08 : Database Opened Successfully.
18-02-2020 04:31 08 : Start Sync
18-02-2020 04:31 08 : End Sync
18-02-2020 04:32 08 : Database Opened Successfully.
18-02-2020 04:32 08 : Start Sync
18-02-2020 04:32 08 : End Sync
18-02-2020 04:33 08 : Database Opened Successfully.
18-02-2020 04:33 08 : Start Sync
18-02-2020 04:33 08 : End Sync
18-02-2020 04:34 08 : Database Opened Successfully.
18-02-2020 04:34 08 : Start Sync
18-02-2020 04:34 08 : End Sync
18-02-2020 04:35 08 : Database Opened Successfully.
18-02-2020 04:35 08 : Start Sync
18-02-2020 04:35 08 : End Sync
18-02-2020 04:36 08 : Database Opened Successfully.
18-02-2020 04:36 08 : Start Sync
18-02-2020 04:36 08 : End Sync
18-02-2020 04:37 08 : Database Opened Successfully.
18-02-2020 04:37 08 : Start Sync
18-02-2020 04:37 08 : End Sync
18-02-2020 04:38 08 : Database Opened Successfully.
18-02-2020 04:38 08 : Start Sync
18-02-2020 04:38 08 : End Sync
18-02-2020 04:39 08 : Database Opened Successfully.
18-02-2020 04:39 08 : Start Sync
18-02-2020 04:39 08 : End Sync
18-02-2020 04:40 08 : Database Opened Successfully.
18-02-2020 04:40 08 : Start Sync
18-02-2020 04:40 08 : End Sync
18-02-2020 04:41 08 : Database Opened Successfully.
18-02-2020 04:41 08 : Start Sync
18-02-2020 04:41 08 : End Sync
18-02-2020 04:42 08 : Database Opened Successfully.
18-02-2020 04:42 08 : Start Sync
18-02-2020 04:42 08 : End Sync
18-02-2020 04:43 08 : Database Opened Successfully.
18-02-2020 04:43 08 : Start Sync
18-02-2020 04:43 08 : End Sync
18-02-2020 04:44 08 : Database Opened Successfully.
18-02-2020 04:44 08 : Start Sync
18-02-2020 04:44 08 : End Sync
18-02-2020 04:45 08 : Database Opened Successfully.
18-02-2020 04:45 08 : Start Sync
18-02-2020 04:45 08 : End Sync
18-02-2020 04:46 08 : Database Opened Successfully.
18-02-2020 04:46 08 : Start Sync
18-02-2020 04:46 08 : End Sync
18-02-2020 04:47 08 : Database Opened Successfully.
18-02-2020 04:47 08 : Start Sync
18-02-2020 04:47 08 : End Sync
18-02-2020 04:48 08 : Database Opened Successfully.
18-02-2020 04:48 08 : Start Sync
18-02-2020 04:48 08 : End Sync
18-02-2020 04:49 08 : Database Opened Successfully.
18-02-2020 04:49 08 : Start Sync
18-02-2020 04:49 08 : End Sync
18-02-2020 04:50 08 : Database Opened Successfully.
18-02-2020 04:50 08 : Start Sync
18-02-2020 04:50 08 : End Sync
18-02-2020 04:51 08 : Database Opened Successfully.
18-02-2020 04:51 08 : Start Sync
18-02-2020 04:51 08 : End Sync
18-02-2020 04:52 08 : Database Opened Successfully.
18-02-2020 04:52 08 : Start Sync
18-02-2020 04:52 08 : End Sync
18-02-2020 04:53 08 : Database Opened Successfully.
18-02-2020 04:53 08 : Start Sync
18-02-2020 04:53 08 : End Sync
18-02-2020 04:54 08 : Database Opened Successfully.
18-02-2020 04:54 08 : Start Sync
18-02-2020 04:54 08 : End Sync
18-02-2020 04:55 08 : Database Opened Successfully.
18-02-2020 04:55 08 : Start Sync
18-02-2020 04:55 08 : End Sync
18-02-2020 04:56 08 : Database Opened Successfully.
18-02-2020 04:56 08 : Start Sync
18-02-2020 04:56 08 : End Sync
18-02-2020 04:57 08 : Database Opened Successfully.
18-02-2020 04:57 08 : Start Sync
18-02-2020 04:57 08 : End Sync
18-02-2020 04:58 08 : Database Opened Successfully.
18-02-2020 04:58 08 : Start Sync
18-02-2020 04:58 08 : End Sync
18-02-2020 04:59 08 : Database Opened Successfully.
18-02-2020 04:59 08 : Start Sync
18-02-2020 04:59 08 : End Sync
18-02-2020 05:00 08 : Database Opened Successfully.
18-02-2020 05:00 08 : Start Sync
18-02-2020 05:00 08 : End Sync
18-02-2020 05:01 08 : Database Opened Successfully.
18-02-2020 05:01 08 : Start Sync
18-02-2020 05:01 08 : End Sync
18-02-2020 05:02 08 : Database Opened Successfully.
18-02-2020 05:02 08 : Start Sync
18-02-2020 05:02 08 : End Sync
